Copyright 1986-2022 Xilinx, Inc. All Rights Reserved. Copyright 2022-2024 Advanced Micro Devices, Inc. All Rights Reserved.
---------------------------------------------------------------------------------------------------------------------------------------------
| Tool Version : Vivado v.2024.2 (win64) Build 5239630 Fri Nov 08 22:35:27 MST 2024
| Date         : Wed Nov 26 09:13:55 2025
| Host         : DESKTOP-VGVTN86 running 64-bit major release  (build 9200)
| Command      : report_drc -file lab_part1_drc_opted.rpt -pb lab_part1_drc_opted.pb -rpx lab_part1_drc_opted.rpx
| Design       : lab_part1
| Device       : xc7a35tcpg236-2L
| Speed File   : -2L
| Design State : Synthesized
---------------------------------------------------------------------------------------------------------------------------------------------

Report DRC

Table of Contents
-----------------
1. REPORT SUMMARY
2. REPORT DETAILS

1. REPORT SUMMARY
-----------------
            Netlist: netlist
          Floorplan: design_1
      Design limits: <entire design considered>
           Ruledeck: default
             Max checks: <unlimited>
             Checks found: 0
+------+----------+-------------+--------+
| Rule | Severity | Description | Checks |
+------+----------+-------------+--------+
+------+----------+-------------+--------+

2. REPORT DETAILS
-----------------

