
*** Running vivado
    with args -log lab_part1.vds -m64 -product Vivado -mode batch -messageDb vivado.pb -notrace -source lab_part1.tcl



****** Vivado v2024.2 (64-bit)
  **** SW Build 5239630 on Fri Nov 08 22:35:27 MST 2024
  **** IP Build 5239520 on Sun Nov 10 16:12:51 MST 2024
  **** SharedData Build 5239561 on Fri Nov 08 14:39:27 MST 2024
  **** Start of session at: Wed Nov 26 09:12:51 2025
    ** Copyright 1986-2022 Xilinx, Inc. All Rights Reserved.
    ** Copyright 2022-2024 Advanced Micro Devices, Inc. All Rights Reserved.

source lab_part1.tcl -notrace
Command: read_checkpoint -auto_incremental -incremental C:/FPGA/Lab3/Lab3.srcs/utils_1/imports/synth_1/lab_part3.dcp
INFO: [Vivado 12-5825] Read reference checkpoint from C:/FPGA/Lab3/Lab3.srcs/utils_1/imports/synth_1/lab_part3.dcp for incremental synthesis
INFO: [Vivado 12-7989] Please ensure there are no constraint changes
Command: synth_design -top lab_part1 -part xc7a35tcpg236-2L
Starting synth_design
Attempting to get a license for feature 'Synthesis' and/or device 'xc7a35t'
INFO: [Common 17-349] Got license for feature 'Synthesis' and/or device 'xc7a35t'
INFO: [Device 21-403] Loading part xc7a35tcpg236-2L
INFO: [Synth 8-7079] Multithreading enabled for synth_design using a maximum of 2 processes.
INFO: [Synth 8-7078] Launching helper process for spawning children vivado processes
INFO: [Synth 8-7075] Helper process launched with PID 23872
---------------------------------------------------------------------------------
Starting RTL Elaboration : Time (s): cpu = 00:00:06 ; elapsed = 00:00:06 . Memory (MB): peak = 993.922 ; gain = 466.656
---------------------------------------------------------------------------------
INFO: [Synth 8-6157] synthesizing module 'lab_part1' [C:/FPGA/Lab3/Lab3.srcs/sources_1/new/lab_part1.sv:23]
INFO: [Synth 8-6157] synthesizing module 'clock_divider' [C:/FPGA/Lab3/Lab3.srcs/sources_1/new/clock_divider.sv:22]
INFO: [Synth 8-6155] done synthesizing module 'clock_divider' (0#1) [C:/FPGA/Lab3/Lab3.srcs/sources_1/new/clock_divider.sv:22]
INFO: [Synth 8-6157] synthesizing module 'multifunction_register' [C:/FPGA/Lab3/Lab3.srcs/sources_1/new/multifunction_register.sv:22]
INFO: [Synth 8-6157] synthesizing module 'mux8to1' [C:/FPGA/Lab3/Lab3.srcs/sources_1/new/eight_to1mux.sv:22]
INFO: [Synth 8-226] default block is never used [C:/FPGA/Lab3/Lab3.srcs/sources_1/new/eight_to1mux.sv:28]
INFO: [Synth 8-6155] done synthesizing module 'mux8to1' (0#1) [C:/FPGA/Lab3/Lab3.srcs/sources_1/new/eight_to1mux.sv:22]
INFO: [Synth 8-6157] synthesizing module 'd_flip_flop' [C:/FPGA/Lab3/Lab3.srcs/sources_1/new/d_flipflop.sv:22]
INFO: [Synth 8-6155] done synthesizing module 'd_flip_flop' (0#1) [C:/FPGA/Lab3/Lab3.srcs/sources_1/new/d_flipflop.sv:22]
INFO: [Synth 8-6155] done synthesizing module 'multifunction_register' (0#1) [C:/FPGA/Lab3/Lab3.srcs/sources_1/new/multifunction_register.sv:22]
INFO: [Synth 8-6155] done synthesizing module 'lab_part1' (0#1) [C:/FPGA/Lab3/Lab3.srcs/sources_1/new/lab_part1.sv:23]
WARNING: [Synth 8-3917] design lab_part1 has port led[15] driven by constant 0
WARNING: [Synth 8-3917] design lab_part1 has port led[14] driven by constant 0
WARNING: [Synth 8-3917] design lab_part1 has port led[13] driven by constant 0
WARNING: [Synth 8-3917] design lab_part1 has port led[12] driven by constant 0
WARNING: [Synth 8-3917] design lab_part1 has port led[11] driven by constant 0
WARNING: [Synth 8-3917] design lab_part1 has port led[10] driven by constant 0
WARNING: [Synth 8-3917] design lab_part1 has port led[9] driven by constant 0
WARNING: [Synth 8-3917] design lab_part1 has port led[8] driven by constant 0
WARNING: [Synth 8-7129] Port sw[11] in module lab_part1 is either unconnected or has no load
WARNING: [Synth 8-7129] Port sw[10] in module lab_part1 is either unconnected or has no load
WARNING: [Synth 8-7129] Port sw[9] in module lab_part1 is either unconnected or has no load
---------------------------------------------------------------------------------
Finished RTL Elaboration : Time (s): cpu = 00:00:08 ; elapsed = 00:00:08 . Memory (MB): peak = 1099.402 ; gain = 572.137
---------------------------------------------------------------------------------
---------------------------------------------------------------------------------
Start Handling Custom Attributes
---------------------------------------------------------------------------------
---------------------------------------------------------------------------------
Finished Handling Custom Attributes : Time (s): cpu = 00:00:08 ; elapsed = 00:00:08 . Memory (MB): peak = 1099.402 ; gain = 572.137
---------------------------------------------------------------------------------
---------------------------------------------------------------------------------
Finished RTL Optimization Phase 1 : Time (s): cpu = 00:00:08 ; elapsed = 00:00:08 . Memory (MB): peak = 1099.402 ; gain = 572.137
---------------------------------------------------------------------------------
Netlist sorting complete. Time (s): cpu = 00:00:00 ; elapsed = 00:00:00.001 . Memory (MB): peak = 1099.402 ; gain = 0.000
INFO: [Project 1-570] Preparing netlist for logic optimization

Processing XDC Constraints
Initializing timing engine
Parsing XDC File [C:/FPGA/Lab3/Lab3.srcs/constrs_1/new/cons.xdc]
WARNING: [Vivado 12-584] No ports matched 'a'. [C:/FPGA/Lab3/Lab3.srcs/constrs_1/new/cons.xdc:50]
CRITICAL WARNING: [Common 17-55] 'set_property' expects at least one object. [C:/FPGA/Lab3/Lab3.srcs/constrs_1/new/cons.xdc:50]
Resolution: If [get_<value>] was used to populate the object, check to make sure this command returns at least one valid object.
WARNING: [Vivado 12-584] No ports matched 'b'. [C:/FPGA/Lab3/Lab3.srcs/constrs_1/new/cons.xdc:51]
CRITICAL WARNING: [Common 17-55] 'set_property' expects at least one object. [C:/FPGA/Lab3/Lab3.srcs/constrs_1/new/cons.xdc:51]
Resolution: If [get_<value>] was used to populate the object, check to make sure this command returns at least one valid object.
WARNING: [Vivado 12-584] No ports matched 'c'. [C:/FPGA/Lab3/Lab3.srcs/constrs_1/new/cons.xdc:52]
CRITICAL WARNING: [Common 17-55] 'set_property' expects at least one object. [C:/FPGA/Lab3/Lab3.srcs/constrs_1/new/cons.xdc:52]
Resolution: If [get_<value>] was used to populate the object, check to make sure this command returns at least one valid object.
WARNING: [Vivado 12-584] No ports matched 'd'. [C:/FPGA/Lab3/Lab3.srcs/constrs_1/new/cons.xdc:53]
CRITICAL WARNING: [Common 17-55] 'set_property' expects at least one object. [C:/FPGA/Lab3/Lab3.srcs/constrs_1/new/cons.xdc:53]
Resolution: If [get_<value>] was used to populate the object, check to make sure this command returns at least one valid object.
WARNING: [Vivado 12-584] No ports matched 'e'. [C:/FPGA/Lab3/Lab3.srcs/constrs_1/new/cons.xdc:54]
CRITICAL WARNING: [Common 17-55] 'set_property' expects at least one object. [C:/FPGA/Lab3/Lab3.srcs/constrs_1/new/cons.xdc:54]
Resolution: If [get_<value>] was used to populate the object, check to make sure this command returns at least one valid object.
WARNING: [Vivado 12-584] No ports matched 'f'. [C:/FPGA/Lab3/Lab3.srcs/constrs_1/new/cons.xdc:55]
CRITICAL WARNING: [Common 17-55] 'set_property' expects at least one object. [C:/FPGA/Lab3/Lab3.srcs/constrs_1/new/cons.xdc:55]
Resolution: If [get_<value>] was used to populate the object, check to make sure this command returns at least one valid object.
WARNING: [Vivado 12-584] No ports matched 'g'. [C:/FPGA/Lab3/Lab3.srcs/constrs_1/new/cons.xdc:56]
CRITICAL WARNING: [Common 17-55] 'set_property' expects at least one object. [C:/FPGA/Lab3/Lab3.srcs/constrs_1/new/cons.xdc:56]
Resolution: If [get_<value>] was used to populate the object, check to make sure this command returns at least one valid object.
WARNING: [Vivado 12-584] No ports matched 'dp'. [C:/FPGA/Lab3/Lab3.srcs/constrs_1/new/cons.xdc:58]
CRITICAL WARNING: [Common 17-55] 'set_property' expects at least one object. [C:/FPGA/Lab3/Lab3.srcs/constrs_1/new/cons.xdc:58]
Resolution: If [get_<value>] was used to populate the object, check to make sure this command returns at least one valid object.
WARNING: [Vivado 12-584] No ports matched 'an[0]'. [C:/FPGA/Lab3/Lab3.srcs/constrs_1/new/cons.xdc:60]
CRITICAL WARNING: [Common 17-55] 'set_property' expects at least one object. [C:/FPGA/Lab3/Lab3.srcs/constrs_1/new/cons.xdc:60]
Resolution: If [get_<value>] was used to populate the object, check to make sure this command returns at least one valid object.
WARNING: [Vivado 12-584] No ports matched 'an[1]'. [C:/FPGA/Lab3/Lab3.srcs/constrs_1/new/cons.xdc:61]
CRITICAL WARNING: [Common 17-55] 'set_property' expects at least one object. [C:/FPGA/Lab3/Lab3.srcs/constrs_1/new/cons.xdc:61]
Resolution: If [get_<value>] was used to populate the object, check to make sure this command returns at least one valid object.
WARNING: [Vivado 12-584] No ports matched 'an[2]'. [C:/FPGA/Lab3/Lab3.srcs/constrs_1/new/cons.xdc:62]
CRITICAL WARNING: [Common 17-55] 'set_property' expects at least one object. [C:/FPGA/Lab3/Lab3.srcs/constrs_1/new/cons.xdc:62]
Resolution: If [get_<value>] was used to populate the object, check to make sure this command returns at least one valid object.
WARNING: [Vivado 12-584] No ports matched 'an[3]'. [C:/FPGA/Lab3/Lab3.srcs/constrs_1/new/cons.xdc:63]
CRITICAL WARNING: [Common 17-55] 'set_property' expects at least one object. [C:/FPGA/Lab3/Lab3.srcs/constrs_1/new/cons.xdc:63]
Resolution: If [get_<value>] was used to populate the object, check to make sure this command returns at least one valid object.
Finished Parsing XDC File [C:/FPGA/Lab3/Lab3.srcs/constrs_1/new/cons.xdc]
INFO: [Project 1-236] Implementation specific constraints were found while reading constraint file [C:/FPGA/Lab3/Lab3.srcs/constrs_1/new/cons.xdc]. These constraints will be ignored for synthesis but will be used in implementation. Impacted constraints are listed in the file [.Xil/lab_part1_propImpl.xdc].
Resolution: To avoid this warning, move constraints listed in [.Xil/lab_part1_propImpl.xdc] to another XDC file and exclude this new file from synthesis with the used_in_synthesis property (File Properties dialog in GUI) and re-run elaboration/synthesis.
Completed Processing XDC Constraints

Netlist sorting complete. Time (s): cpu = 00:00:00 ; elapsed = 00:00:00 . Memory (MB): peak = 1166.117 ; gain = 0.000
INFO: [Project 1-111] Unisim Transformation Summary:
No Unisim elements were transformed.

Constraint Validation Runtime : Time (s): cpu = 00:00:00 ; elapsed = 00:00:00.003 . Memory (MB): peak = 1166.117 ; gain = 0.000
---------------------------------------------------------------------------------
Finished Constraint Validation : Time (s): cpu = 00:00:16 ; elapsed = 00:00:18 . Memory (MB): peak = 1166.117 ; gain = 638.852
---------------------------------------------------------------------------------
---------------------------------------------------------------------------------
Start Loading Part and Timing Information
---------------------------------------------------------------------------------
Loading part: xc7a35tcpg236-2L
---------------------------------------------------------------------------------
Finished Loading Part and Timing Information : Time (s): cpu = 00:00:16 ; elapsed = 00:00:18 . Memory (MB): peak = 1166.117 ; gain = 638.852
---------------------------------------------------------------------------------
---------------------------------------------------------------------------------
Start Applying 'set_property' XDC Constraints
---------------------------------------------------------------------------------
---------------------------------------------------------------------------------
Finished applying 'set_property' XDC Constraints : Time (s): cpu = 00:00:16 ; elapsed = 00:00:18 . Memory (MB): peak = 1166.117 ; gain = 638.852
---------------------------------------------------------------------------------
---------------------------------------------------------------------------------
Start Preparing Guide Design
---------------------------------------------------------------------------------
CRITICAL WARNING: [Synth 8-6895] The reference checkpoint C:/FPGA/Lab3/Lab3.srcs/utils_1/imports/synth_1/lab_part3.dcp is not suitable for use with incremental synthesis for this design. Please regenerate the checkpoint for this design with -incremental_synth switch in the same Vivado session that synth_design has been run. Synthesis will continue with the default flow
---------------------------------------------------------------------------------
Finished Doing Graph Differ : Time (s): cpu = 00:00:17 ; elapsed = 00:00:18 . Memory (MB): peak = 1166.117 ; gain = 638.852
---------------------------------------------------------------------------------
---------------------------------------------------------------------------------
Finished Preparing Guide Design : Time (s): cpu = 00:00:17 ; elapsed = 00:00:18 . Memory (MB): peak = 1166.117 ; gain = 638.852
---------------------------------------------------------------------------------
---------------------------------------------------------------------------------
Finished RTL Optimization Phase 2 : Time (s): cpu = 00:00:17 ; elapsed = 00:00:18 . Memory (MB): peak = 1166.117 ; gain = 638.852
---------------------------------------------------------------------------------


Incremental Synthesis Report Summary:

1. Incremental synthesis run: no

   Reason for not running incremental synthesis : 


INFO: [Synth 8-7130] Flow is switching to default flow due to incremental criteria not met. If you would like to alter this behaviour and have the flow terminate instead, please set the following parameter config_implementation {autoIncr.Synth.RejectBehavior Terminate}
---------------------------------------------------------------------------------
Start RTL Component Statistics 
---------------------------------------------------------------------------------
Detailed RTL Component Info : 
+---Adders : 
	   2 Input   25 Bit       Adders := 1     
+---Registers : 
	               25 Bit    Registers := 1     
	                1 Bit    Registers := 9     
---------------------------------------------------------------------------------
Finished RTL Component Statistics 
---------------------------------------------------------------------------------
---------------------------------------------------------------------------------
Start Part Resource Summary
---------------------------------------------------------------------------------
Part Resources:
DSPs: 90 (col length:60)
BRAMs: 100 (col length: RAMB18 60 RAMB36 30)
---------------------------------------------------------------------------------
Finished Part Resource Summary
---------------------------------------------------------------------------------
---------------------------------------------------------------------------------
Start Cross Boundary and Area Optimization
---------------------------------------------------------------------------------
WARNING: [Synth 8-7080] Parallel synthesis criteria is not met
WARNING: [Synth 8-3917] design lab_part1 has port led[15] driven by constant 0
WARNING: [Synth 8-3917] design lab_part1 has port led[14] driven by constant 0
WARNING: [Synth 8-3917] design lab_part1 has port led[13] driven by constant 0
WARNING: [Synth 8-3917] design lab_part1 has port led[12] driven by constant 0
WARNING: [Synth 8-3917] design lab_part1 has port led[11] driven by constant 0
WARNING: [Synth 8-3917] design lab_part1 has port led[10] driven by constant 0
WARNING: [Synth 8-3917] design lab_part1 has port led[9] driven by constant 0
WARNING: [Synth 8-3917] design lab_part1 has port led[8] driven by constant 0
WARNING: [Synth 8-7129] Port sw[11] in module lab_part1 is either unconnected or has no load
WARNING: [Synth 8-7129] Port sw[10] in module lab_part1 is either unconnected or has no load
WARNING: [Synth 8-7129] Port sw[9] in module lab_part1 is either unconnected or has no load
---------------------------------------------------------------------------------
Finished Cross Boundary and Area Optimization : Time (s): cpu = 00:00:18 ; elapsed = 00:00:20 . Memory (MB): peak = 1166.117 ; gain = 638.852
---------------------------------------------------------------------------------
---------------------------------------------------------------------------------
Start Applying XDC Timing Constraints
---------------------------------------------------------------------------------
---------------------------------------------------------------------------------
Finished Applying XDC Timing Constraints : Time (s): cpu = 00:00:23 ; elapsed = 00:00:25 . Memory (MB): peak = 1289.801 ; gain = 762.535
---------------------------------------------------------------------------------
---------------------------------------------------------------------------------
Start Timing Optimization
---------------------------------------------------------------------------------
---------------------------------------------------------------------------------
Finished Timing Optimization : Time (s): cpu = 00:00:23 ; elapsed = 00:00:25 . Memory (MB): peak = 1310.723 ; gain = 783.457
---------------------------------------------------------------------------------
---------------------------------------------------------------------------------
Start Technology Mapping
---------------------------------------------------------------------------------
---------------------------------------------------------------------------------
Finished Technology Mapping : Time (s): cpu = 00:00:23 ; elapsed = 00:00:25 . Memory (MB): peak = 1310.723 ; gain = 783.457
---------------------------------------------------------------------------------
---------------------------------------------------------------------------------
Start IO Insertion
---------------------------------------------------------------------------------
---------------------------------------------------------------------------------
Start Flattening Before IO Insertion
---------------------------------------------------------------------------------
---------------------------------------------------------------------------------
Finished Flattening Before IO Insertion
---------------------------------------------------------------------------------
---------------------------------------------------------------------------------
Start Final Netlist Cleanup
---------------------------------------------------------------------------------
---------------------------------------------------------------------------------
Finished Final Netlist Cleanup
---------------------------------------------------------------------------------
---------------------------------------------------------------------------------
Finished IO Insertion : Time (s): cpu = 00:00:26 ; elapsed = 00:00:28 . Memory (MB): peak = 1516.285 ; gain = 989.020
---------------------------------------------------------------------------------
---------------------------------------------------------------------------------
Start Renaming Generated Instances
---------------------------------------------------------------------------------
---------------------------------------------------------------------------------
Finished Renaming Generated Instances : Time (s): cpu = 00:00:26 ; elapsed = 00:00:28 . Memory (MB): peak = 1516.285 ; gain = 989.020
---------------------------------------------------------------------------------
---------------------------------------------------------------------------------
Start Rebuilding User Hierarchy
---------------------------------------------------------------------------------
---------------------------------------------------------------------------------
Finished Rebuilding User Hierarchy : Time (s): cpu = 00:00:26 ; elapsed = 00:00:28 . Memory (MB): peak = 1516.285 ; gain = 989.020
---------------------------------------------------------------------------------
---------------------------------------------------------------------------------
Start Renaming Generated Ports
---------------------------------------------------------------------------------
---------------------------------------------------------------------------------
Finished Renaming Generated Ports : Time (s): cpu = 00:00:26 ; elapsed = 00:00:28 . Memory (MB): peak = 1516.285 ; gain = 989.020
---------------------------------------------------------------------------------
---------------------------------------------------------------------------------
Start Handling Custom Attributes
---------------------------------------------------------------------------------
---------------------------------------------------------------------------------
Finished Handling Custom Attributes : Time (s): cpu = 00:00:26 ; elapsed = 00:00:28 . Memory (MB): peak = 1516.285 ; gain = 989.020
---------------------------------------------------------------------------------
---------------------------------------------------------------------------------
Start Renaming Generated Nets
---------------------------------------------------------------------------------
---------------------------------------------------------------------------------
Finished Renaming Generated Nets : Time (s): cpu = 00:00:26 ; elapsed = 00:00:28 . Memory (MB): peak = 1516.285 ; gain = 989.020
---------------------------------------------------------------------------------
---------------------------------------------------------------------------------
Start Writing Synthesis Report
---------------------------------------------------------------------------------

Report BlackBoxes: 
+-+--------------+----------+
| |BlackBox name |Instances |
+-+--------------+----------+
+-+--------------+----------+

Report Cell Usage: 
+------+-------+------+
|      |Cell   |Count |
+------+-------+------+
|1     |BUFG   |     1|
|2     |CARRY4 |     6|
|3     |LUT1   |     1|
|4     |LUT4   |     5|
|5     |LUT6   |    42|
|6     |FDCE   |    26|
|7     |FDRE   |     8|
|8     |IBUF   |    14|
|9     |OBUF   |    16|
+------+-------+------+
---------------------------------------------------------------------------------
Finished Writing Synthesis Report : Time (s): cpu = 00:00:26 ; elapsed = 00:00:28 . Memory (MB): peak = 1516.285 ; gain = 989.020
---------------------------------------------------------------------------------
Synthesis finished with 0 errors, 1 critical warnings and 12 warnings.
Synthesis Optimization Runtime : Time (s): cpu = 00:00:16 ; elapsed = 00:00:25 . Memory (MB): peak = 1516.285 ; gain = 922.305
Synthesis Optimization Complete : Time (s): cpu = 00:00:26 ; elapsed = 00:00:28 . Memory (MB): peak = 1516.285 ; gain = 989.020
INFO: [Project 1-571] Translating synthesized netlist
Netlist sorting complete. Time (s): cpu = 00:00:00 ; elapsed = 00:00:00.001 . Memory (MB): peak = 1520.289 ; gain = 0.000
INFO: [Netlist 29-17] Analyzing 6 Unisim elements for replacement
INFO: [Netlist 29-28] Unisim Transformation completed in 0 CPU seconds
INFO: [Project 1-570] Preparing netlist for logic optimization
INFO: [Opt 31-138] Pushed 0 inverter(s) to 0 load pin(s).
Netlist sorting complete. Time (s): cpu = 00:00:00 ; elapsed = 00:00:00 . Memory (MB): peak = 1523.918 ; gain = 0.000
INFO: [Project 1-111] Unisim Transformation Summary:
No Unisim elements were transformed.

Synth Design complete | Checksum: bf9310ec
INFO: [Common 17-83] Releasing license: Synthesis
29 Infos, 35 Warnings, 13 Critical Warnings and 0 Errors encountered.
synth_design completed successfully
synth_design: Time (s): cpu = 00:00:30 ; elapsed = 00:00:35 . Memory (MB): peak = 1523.918 ; gain = 1187.172
INFO: [runtcl-6] Synthesis results are not added to the cache due to CRITICAL_WARNING
Write ShapeDB Complete: Time (s): cpu = 00:00:00 ; elapsed = 00:00:00.001 . Memory (MB): peak = 1523.918 ; gain = 0.000
INFO: [Common 17-1381] The checkpoint 'C:/FPGA/Lab3/Lab3.runs/synth_1/lab_part1.dcp' has been generated.
INFO: [Vivado 12-24828] Executing command : report_utilization -file lab_part1_utilization_synth.rpt -pb lab_part1_utilization_synth.pb
INFO: [Common 17-206] Exiting Vivado at Wed Nov 26 09:13:28 2025...
